[     529ms] [ERROR] Executing inline script violates the following Content Security Policy directive 'script-src 'self' 'unsafe-inline' https://*.twimg.com https://recaptcha.net/recaptcha/ http://www.gstatic.com/cast/sdk/libs/caf_receiver/v3/cast_receiver_framework.js https://accounts.google.com/gsi/client https://apis.google.com/js/api.js https://appleid.cdn-apple.com/appleauth/static/jsapi/appleid/1/en_US/appleid.auth.js https://client-api.arkoselabs.com/ https://static.ads-twitter.com https://twitter.com https://www.google-analytics.com https://www.gstatic.com/cast/sdk/libs/caf_receiver/v3/cast_receiver_framework.js https://x.com https://sdn.payments-dev.x.com/assets/loader.min.js https://sdn.payments-staging.x.com/assets/loader.min.js https://sdn.payments-prod.x.com/assets/loader.min.js https://sdn.money-dev.x.com/assets/loader.min.js https://sdn.money-staging.x.com/assets/loader.min.js https://sdn.money.x.com/assets/loader.min.js https://sdk.dv.socure.io/latest/device-risk-sdk.js https://cdn.plaid.com/link/v2/stable/link-initialize.js https://payments-dev.x.com/customer/wasm/xxp-forward-with-sdk.js https://payments-staging.x.com/customer/wasm/xxp-forward-with-sdk.js https://payments-prod.x.com/customer/wasm/xxp-forward-with-sdk.js https://money-dev.x.com/customer/wasm/xxp-forward-with-sdk.js https://money-staging.x.com/customer/wasm/xxp-forward-with-sdk.js https://money.x.com/customer/wasm/xxp-forward-with-sdk.js https://js.stripe.com https://*.js.stripe.com https://cdn.getpinwheel.com/pinwheel-v3.2.1.js https://securepubads.g.doubleclick.net https://www.googletagservices.com https://*.googletagservices.com https://pagead2.googlesyndication.com https://adservice.google.com https://www.googleadservices.com https://ads.google.com https://tpc.googlesyndication.com https://*.tpc.googlesyndication.com https://googleads.g.doubleclick.net https://app.intercom.io https://widget.intercom.io https://js.intercomcdn.com 'wasm-unsafe-eval'  'nonce-Mjg0N2UyYzEtYzk4OS00MmFiLWIzMjAtYjNiZjdkZDM5ODI5''. Note that 'unsafe-inline' is ignored if either a hash or nonce value is present in the source list. The action has been blocked. @ about:srcdoc:0
[     604ms] [WARNING] [GPT] PubAdsService.enableSingleRequest is deprecated, use googletag.setConfig({singleRequest: ...}) instead.
https://goo.gle/gpt-message#170 @ https://securepubads.g.doubleclick.net/pagead/managed/js/gpt/m202607210101/pubads_impl.js?cb=31099865:18
[     607ms] [WARNING] [GPT] This ad request is subject to Google's EU User Consent Policy. An IAB TCF signal was not received. This ad request will not be eligible for personalized ads.
https://goo.gle/gpt-message#175 @ https://securepubads.g.doubleclick.net/pagead/managed/js/gpt/m202607210101/pubads_impl.js?cb=31099865:18
[    1075ms] [INFO] Banner not shown: beforeinstallpromptevent.preventDefault() called. The page must call beforeinstallpromptevent.prompt() to show the banner. @ https://x.com/leanxbt/article/2076679468186513600:0
[  736865ms] [ERROR] Failed to load resource: net::ERR_NETWORK_IO_SUSPENDED @ https://api.x.com/live_pipeline/events?topic=%2Ftweet_engagement%2F2076679468186513600:0
[ 2654316ms] [ERROR] Failed to load resource: the server responded with a status of 400 () @ https://api.x.com/1.1/live_pipeline/update_subscriptions:0
[ 3650154ms] [ERROR] Failed to load resource: net::ERR_CONNECTION_RESET @ https://api.x.com/live_pipeline/events?topic=%2Ftweet_engagement%2F2076679468186513600:0
[ 3684837ms] [ERROR] Failed to load resource: the server responded with a status of 400 () @ https://api.x.com/1.1/live_pipeline/update_subscriptions:0
[ 4105556ms] [ERROR] Failed to load resource: net::ERR_CONNECTION_RESET @ https://api.x.com/live_pipeline/events?topic=%2Ftweet_engagement%2F2076679468186513600:0
[ 4180724ms] [ERROR] Failed to load resource: the server responded with a status of 400 () @ https://api.x.com/1.1/live_pipeline/update_subscriptions:0
[ 5762643ms] [ERROR] Failed to load resource: net::ERR_NETWORK_IO_SUSPENDED @ https://api.x.com/live_pipeline/events?topic=%2Ftweet_engagement%2F2076679468186513600:0
[ 5782460ms] [ERROR] Failed to load resource: the server responded with a status of 400 () @ https://api.x.com/1.1/live_pipeline/update_subscriptions:0
[ 6980083ms] [ERROR] Failed to load resource: net::ERR_NETWORK_IO_SUSPENDED @ https://x.com/i/api/1.1/graphql/viewer_context.json:0
[ 6980084ms] [ERROR] Failed to load resource: net::ERR_NETWORK_IO_SUSPENDED @ https://x.com/i/api/2/badge_count/badge_count.json?supports_ntab_urt=1&include_xchat_count=1:0
[ 6980086ms] [ERROR] Failed to load resource: net::ERR_NETWORK_IO_SUSPENDED @ https://api.x.com/live_pipeline/events?topic=%2Ftweet_engagement%2F2076679468186513600:0
[ 7737001ms] [ERROR] Failed to load resource: net::ERR_NETWORK_CHANGED @ https://x.com/i/api/2/badge_count/badge_count.json?supports_ntab_urt=1&include_xchat_count=1:0
[ 7777065ms] [ERROR] Failed to load resource: the server responded with a status of 400 () @ https://api.x.com/1.1/live_pipeline/update_subscriptions:0
[ 8904948ms] [ERROR] Failed to load resource: net::ERR_NETWORK_IO_SUSPENDED @ https://api.x.com/live_pipeline/events?topic=%2Ftweet_engagement%2F2076679468186513600:0
[ 8984418ms] [ERROR] Failed to load resource: the server responded with a status of 400 () @ https://api.x.com/1.1/live_pipeline/update_subscriptions:0
[ 9922635ms] [ERROR] Failed to load resource: net::ERR_CONNECTION_RESET @ https://api.x.com/live_pipeline/events?topic=%2Ftweet_engagement%2F2076679468186513600:0
[ 9983432ms] [ERROR] Failed to load resource: the server responded with a status of 400 () @ https://api.x.com/1.1/live_pipeline/update_subscriptions:0
[10495335ms] [ERROR] Failed to load resource: net::ERR_NETWORK_IO_SUSPENDED @ https://api.x.com/live_pipeline/events?topic=%2Ftweet_engagement%2F2076679468186513600:0
[10738970ms] [ERROR] Failed to load resource: the server responded with a status of 400 () @ https://api.x.com/1.1/live_pipeline/update_subscriptions:0
[10994992ms] [ERROR] Failed to load resource: net::ERR_NETWORK_IO_SUSPENDED @ https://api.x.com/live_pipeline/events?topic=%2Ftweet_engagement%2F2076679468186513600:0
[11206669ms] [ERROR] Failed to load resource: the server responded with a status of 400 () @ https://api.x.com/1.1/live_pipeline/update_subscriptions:0
